#! /usr/local/bin/vvp
:ivl_version "12.0 (stable)";
:ivl_delay_selection "TYPICAL";
:vpi_time_precision + 0;
:vpi_module "/usr/local/lib/ivl/system.vpi";
:vpi_module "/usr/local/lib/ivl/vhdl_sys.vpi";
:vpi_module "/usr/local/lib/ivl/vhdl_textio.vpi";
:vpi_module "/usr/local/lib/ivl/v2005_math.vpi";
:vpi_module "/usr/local/lib/ivl/va_math.vpi";
:vpi_module "/usr/local/lib/ivl/v2009.vpi";
S_0x19bbd860 .scope package, "$unit" "$unit" 2 1;
 .timescale 0 0;
S_0x19bbd9f0 .scope module, "tb_sync_fifo" "tb_sync_fifo" 3 3;
 .timescale 0 0;
v0x19bd97d0_0 .var "clk", 0 0;
v0x19bd9890_0 .var "din", 7 0;
v0x19bd9960_0 .net "dout", 7 0, v0x19bd8f20_0;  1 drivers
v0x19bd9a60_0 .net "empty", 0 0, L_0x19bea2d0;  1 drivers
v0x19bd9b30_0 .net "full", 0 0, L_0x19bea000;  1 drivers
v0x19bd9bd0_0 .var "rd_en", 0 0;
v0x19bd9ca0_0 .var "reset", 0 0;
v0x19bd9d70_0 .var "wr_en", 0 0;
S_0x19b94580 .scope module, "fifo_inst" "sync_fifo" 3 8, 4 2 0, S_0x19bbd9f0;
 .timescale 0 0;
    .port_info 0 /INPUT 1 "clk";
    .port_info 1 /INPUT 1 "reset";
    .port_info 2 /INPUT 1 "wr_en";
    .port_info 3 /INPUT 1 "rd_en";
    .port_info 4 /INPUT 8 "din";
    .port_info 5 /OUTPUT 8 "dout";
    .port_info 6 /OUTPUT 1 "full";
    .port_info 7 /OUTPUT 1 "empty";
v0x19b947b0_0 .net *"_ivl_0", 31 0, L_0x19bd9e40;  1 drivers
L_0x7fb901dce0a8 .functor BUFT 1, C4<0000000000000000000000000000>, C4<0>, C4<0>, C4<0>;
v0x19bd8750_0 .net *"_ivl_11", 27 0, L_0x7fb901dce0a8;  1 drivers
L_0x7fb901dce0f0 .functor BUFT 1, C4<00000000000000000000000000000000>, C4<0>, C4<0>, C4<0>;
v0x19bd8830_0 .net/2u *"_ivl_12", 31 0, L_0x7fb901dce0f0;  1 drivers
L_0x7fb901dce018 .functor BUFT 1, C4<0000000000000000000000000000>, C4<0>, C4<0>, C4<0>;
v0x19bd8920_0 .net *"_ivl_3", 27 0, L_0x7fb901dce018;  1 drivers
L_0x7fb901dce060 .functor BUFT 1, C4<00000000000000000000000000001000>, C4<0>, C4<0>, C4<0>;
v0x19bd8a00_0 .net/2u *"_ivl_4", 31 0, L_0x7fb901dce060;  1 drivers
v0x19bd8b30_0 .net *"_ivl_8", 31 0, L_0x19bea190;  1 drivers
v0x19bd8c10_0 .net "clk", 0 0, v0x19bd97d0_0;  1 drivers
v0x19bd8cd0_0 .var "count", 3 0;
v0x19bd8db0_0 .net "din", 7 0, v0x19bd9890_0;  1 drivers
v0x19bd8f20_0 .var "dout", 7 0;
v0x19bd9000_0 .net "empty", 0 0, L_0x19bea2d0;  alias, 1 drivers
v0x19bd90c0_0 .net "full", 0 0, L_0x19bea000;  alias, 1 drivers
v0x19bd9180 .array "mem", 7 0, 7 0;
v0x19bd9240_0 .net "rd_en", 0 0, v0x19bd9bd0_0;  1 drivers
v0x19bd9300_0 .var "rd_ptr", 2 0;
v0x19bd93e0_0 .net "reset", 0 0, v0x19bd9ca0_0;  1 drivers
v0x19bd94a0_0 .net "wr_en", 0 0, v0x19bd9d70_0;  1 drivers
v0x19bd9650_0 .var "wr_ptr", 2 0;
E_0x19bbf1c0 .event posedge, v0x19bd93e0_0, v0x19bd8c10_0;
L_0x19bd9e40 .concat [ 4 28 0 0], v0x19bd8cd0_0, L_0x7fb901dce018;
L_0x19bea000 .cmp/eq 32, L_0x19bd9e40, L_0x7fb901dce060;
L_0x19bea190 .concat [ 4 28 0 0], v0x19bd8cd0_0, L_0x7fb901dce0a8;
L_0x19bea2d0 .cmp/eq 32, L_0x19bea190, L_0x7fb901dce0f0;
    .scope S_0x19b94580;
T_0 ;
    %pushi/vec4 0, 0, 3;
    %store/vec4 v0x19bd9650_0, 0, 3;
    %pushi/vec4 0, 0, 3;
    %store/vec4 v0x19bd9300_0, 0, 3;
    %pushi/vec4 0, 0, 4;
    %store/vec4 v0x19bd8cd0_0, 0, 4;
    %end;
    .thread T_0, $init;
    .scope S_0x19b94580;
T_1 ;
    %wait E_0x19bbf1c0;
    %load/vec4 v0x19bd93e0_0;
    %flag_set/vec4 8;
    %jmp/0xz  T_1.0, 8;
    %pushi/vec4 0, 0, 3;
    %assign/vec4 v0x19bd9650_0, 0;
    %pushi/vec4 0, 0, 3;
    %assign/vec4 v0x19bd9300_0, 0;
    %pushi/vec4 0, 0, 4;
    %assign/vec4 v0x19bd8cd0_0, 0;
    %pushi/vec4 0, 0, 8;
    %assign/vec4 v0x19bd8f20_0, 0;
    %jmp T_1.1;
T_1.0 ;
    %load/vec4 v0x19bd94a0_0;
    %flag_set/vec4 9;
    %flag_get/vec4 9;
    %jmp/0 T_1.4, 9;
    %load/vec4 v0x19bd90c0_0;
    %nor/r;
    %and;
T_1.4;
    %flag_set/vec4 8;
    %jmp/0xz  T_1.2, 8;
    %load/vec4 v0x19bd8db0_0;
    %load/vec4 v0x19bd9650_0;
    %pad/u 5;
    %ix/vec4 3;
    %ix/load 4, 0, 0; Constant delay
    %assign/vec4/a/d v0x19bd9180, 0, 4;
    %load/vec4 v0x19bd9650_0;
    %addi 1, 0, 3;
    %assign/vec4 v0x19bd9650_0, 0;
    %load/vec4 v0x19bd8cd0_0;
    %addi 1, 0, 4;
    %assign/vec4 v0x19bd8cd0_0, 0;
T_1.2 ;
    %load/vec4 v0x19bd9240_0;
    %flag_set/vec4 9;
    %flag_get/vec4 9;
    %jmp/0 T_1.7, 9;
    %load/vec4 v0x19bd9000_0;
    %nor/r;
    %and;
T_1.7;
    %flag_set/vec4 8;
    %jmp/0xz  T_1.5, 8;
    %load/vec4 v0x19bd9300_0;
    %pad/u 5;
    %ix/vec4 4;
    %load/vec4a v0x19bd9180, 4;
    %assign/vec4 v0x19bd8f20_0, 0;
    %load/vec4 v0x19bd9300_0;
    %addi 1, 0, 3;
    %assign/vec4 v0x19bd9300_0, 0;
    %load/vec4 v0x19bd8cd0_0;
    %subi 1, 0, 4;
    %assign/vec4 v0x19bd8cd0_0, 0;
T_1.5 ;
T_1.1 ;
    %jmp T_1;
    .thread T_1;
    .scope S_0x19bbd9f0;
T_2 ;
    %delay 5, 0;
    %load/vec4 v0x19bd97d0_0;
    %inv;
    %store/vec4 v0x19bd97d0_0, 0, 1;
    %jmp T_2;
    .thread T_2;
    .scope S_0x19bbd9f0;
T_3 ;
    %vpi_call/w 3 20 "$monitor", "Time = %0t | wr_en = %b | rd_en = %b | din = %h | dout = %h | full = %b | empty = %b", $time, v0x19bd9d70_0, v0x19bd9bd0_0, v0x19bd9890_0, v0x19bd9960_0, v0x19bd9b30_0, v0x19bd9a60_0 {0 0 0};
    %vpi_call/w 3 21 "$dumpfile", "sync_fifo.vcd" {0 0 0};
    %vpi_call/w 3 22 "$dumpvars" {0 0 0};
    %pushi/vec4 0, 0, 1;
    %store/vec4 v0x19bd97d0_0, 0, 1;
    %pushi/vec4 1, 0, 1;
    %store/vec4 v0x19bd9ca0_0, 0, 1;
    %pushi/vec4 0, 0, 1;
    %store/vec4 v0x19bd9d70_0, 0, 1;
    %pushi/vec4 0, 0, 1;
    %store/vec4 v0x19bd9bd0_0, 0, 1;
    %pushi/vec4 0, 0, 8;
    %store/vec4 v0x19bd9890_0, 0, 8;
    %delay 10, 0;
    %pushi/vec4 0, 0, 1;
    %store/vec4 v0x19bd9ca0_0, 0, 1;
    %pushi/vec4 1, 0, 1;
    %store/vec4 v0x19bd9d70_0, 0, 1;
    %pushi/vec4 161, 0, 8;
    %store/vec4 v0x19bd9890_0, 0, 8;
    %pushi/vec4 178, 0, 8;
    %store/vec4 v0x19bd9890_0, 0, 8;
    %delay 10, 0;
    %pushi/vec4 195, 0, 8;
    %store/vec4 v0x19bd9890_0, 0, 8;
    %delay 10, 0;
    %pushi/vec4 0, 0, 1;
    %store/vec4 v0x19bd9d70_0, 0, 1;
    %pushi/vec4 1, 0, 1;
    %store/vec4 v0x19bd9bd0_0, 0, 1;
    %delay 10, 0;
    %delay 10, 0;
    %pushi/vec4 0, 0, 1;
    %store/vec4 v0x19bd9bd0_0, 0, 1;
    %pushi/vec4 1, 0, 1;
    %store/vec4 v0x19bd9d70_0, 0, 1;
    %pushi/vec4 229, 0, 8;
    %store/vec4 v0x19bd9890_0, 0, 8;
    %delay 10, 0;
    %pushi/vec4 0, 0, 1;
    %store/vec4 v0x19bd9d70_0, 0, 1;
    %pushi/vec4 1, 0, 1;
    %store/vec4 v0x19bd9bd0_0, 0, 1;
    %delay 50, 0;
    %pushi/vec4 0, 0, 1;
    %store/vec4 v0x19bd9bd0_0, 0, 1;
    %vpi_call/w 3 41 "$finish" {0 0 0};
    %end;
    .thread T_3;
# The file index is used to find the file name in the following table.
:file_names 5;
    "N/A";
    "<interactive>";
    "-";
    "testbench.sv";
    "design.sv";
